This is pdfTeX, Version 3.14159265-2.6-1.40.21 (TeX Live 2020/Debian) (preloaded format=pdflatex 2020.7.8)  8 AUG 2020 14:22
entering extended mode
 \write18 enabled.
 %&-line parsing enabled.
**fpga_foc.html
(./fpga_foc.html
LaTeX2e <2020-02-02> patch level 5
L3 programming layer <2020-06-18>

! LaTeX Error: Missing \begin{document}.

See the LaTeX manual or LaTeX Companion for explanation.
Type  H <return>  for immediate help.
 ...                                              
                                                  
l.1 <
     !DOCTYPE html>
? 
! Emergency stop.
 ...                                              
                                                  
l.1 <
     !DOCTYPE html>
You're in trouble here.  Try typing  <return>  to proceed.
If that doesn't work, type  X <return>  to quit.

 
Here is how much of TeX's memory you used:
 18 strings out of 481758
 533 string characters out of 5929831
 235927 words of memory out of 5000000
 15941 multiletter control sequences out of 15000+600000
 532338 words of font info for 24 fonts, out of 8000000 for 9000
 395 hyphenation exceptions out of 8191
 12i,0n,15p,60b,14s stack positions out of 5000i,500n,10000p,200000b,80000s
!  ==> Fatal error occurred, no output PDF file produced!
